<!DOCTYPE html PUBLIC "-//W3C//DTD XHTML 1.1//EN" "https://www.w3.org/TR/xhtml11/DTD/xhtml11.dtd">
<html xmlns="https://www.w3.org/1999/xhtml">
<head>
<meta http-equiv="content-type" content="text/html; charset=UTF-8"/>
<title>TestNG Report</title>
<style type="text/css">table {margin-bottom:10px;border-collapse:collapse;empty-cells:show}th,td {border:1px solid #009;padding:.25em .5em}th {vertical-align:bottom}td {vertical-align:top}table a {font-weight:bold}.stripe td {background-color: #E6EBF9}.num {text-align:right}.passedodd td {background-color: #3F3}.passedeven td {background-color: #0A0}.skippedodd td {background-color: #DDD}.skippedeven td {background-color: #CCC}.failedodd td,.attn {background-color: #F33}.failedeven td,.stripe .attn {background-color: #D00}.stacktrace {white-space:pre;font-family:monospace}.totop {font-size:85%;text-align:center;border-bottom:2px solid #000}.invisible {display:none}</style>
</head>
<body>
<table>
<tr><th>Test</th><th># Passed</th><th># Skipped</th><th># Retried</th><th># Failed</th><th>Time (ms)</th><th>Included Groups</th><th>Excluded Groups</th></tr>
<tr><th colspan="8">Suite</th></tr>
<tr><td><a href="#t0">Chrome Test</a></td><td class="num">16</td><td class="num">0</td><td class="num">0</td><td class="num attn">6</td><td class="num">364,681</td><td></td><td></td></tr>
</table>
<table id='summary'><thead><tr><th>Class</th><th>Method</th><th>Start</th><th>Time (ms)</th></tr></thead><tbody><tr><th colspan="4">Suite</th></tr></tbody><tbody id="t0"><tr><th colspan="4">Chrome Test &#8212; failed</th></tr><tr class="failedeven"><td rowspan="1">test.TC_001_Register</td><td><a href="#m0">regTestInvalidTestData</a></td><td rowspan="1">1734421651279</td><td rowspan="1">14765</td></tr><tr class="failedodd"><td rowspan="3">test.TC_002_Login</td><td><a href="#m1">loginTest</a></td><td rowspan="3">1734421709315</td><td rowspan="3">6115</td></tr><tr class="failedodd"><td><a href="#m2">loginTest</a></td></tr><tr class="failedodd"><td><a href="#m3">loginTest</a></td></tr><tr class="failedeven"><td rowspan="1">test.TC_005_BookAHotel</td><td><a href="#m4">bookAHotelTest</a></td><td rowspan="1">1734421870545</td><td rowspan="1">12625</td></tr><tr class="failedodd"><td rowspan="1">test.TC_008_ChangePassword</td><td><a href="#m5">changePasswordTest</a></td><td rowspan="1">1734421952719</td><td rowspan="1">3541</td></tr><tr><th colspan="4">Chrome Test &#8212; passed</th></tr><tr class="passedeven"><td rowspan="1">test.TC_001_Register</td><td><a href="#m6">regTestValidTestData</a></td><td rowspan="1">1734421622126</td><td rowspan="1">22028</td></tr><tr class="passedodd"><td rowspan="1">test.TC_002_Login</td><td><a href="#m7">loginTest</a></td><td rowspan="1">1734421675065</td><td rowspan="1">2447</td></tr><tr class="passedeven"><td rowspan="5">test.TC_003_SearchHotel</td><td><a href="#m8">searchHotelTest</a></td><td rowspan="5">1734421756469</td><td rowspan="5">5754</td></tr><tr class="passedeven"><td><a href="#m9">searchHotelTest</a></td></tr><tr class="passedeven"><td><a href="#m10">searchHotelTest</a></td></tr><tr class="passedeven"><td><a href="#m11">searchHotelTest</a></td></tr><tr class="passedeven"><td><a href="#m12">searchHotelTest</a></td></tr><tr class="passedodd"><td rowspan="1">test.TC_004_SelectHotel</td><td><a href="#m13">selectHotelTest</a></td><td rowspan="1">1734421779146</td><td rowspan="1">6706</td></tr><tr class="passedeven"><td rowspan="4">test.TC_005_BookAHotel</td><td><a href="#m14">bookAHotelTest</a></td><td rowspan="4">1734421851229</td><td rowspan="4">12642</td></tr><tr class="passedeven"><td><a href="#m15">bookAHotelTest</a></td></tr><tr class="passedeven"><td><a href="#m16">bookAHotelTest</a></td></tr><tr class="passedeven"><td><a href="#m17">bookAHotelTest</a></td></tr><tr class="passedodd"><td rowspan="1">test.TC_006_BookingConfirmation</td><td><a href="#m18">bookingConfirmationTest</a></td><td rowspan="1">1734421889541</td><td rowspan="1">13008</td></tr><tr class="passedeven"><td rowspan="1">test.TC_007_BookedItinerary</td><td><a href="#m19">bookedItineraryTest</a></td><td rowspan="1">1734421909524</td><td rowspan="1">24791</td></tr><tr class="passedodd"><td rowspan="1">test.TC_008_ChangePassword</td><td><a href="#m20">changePasswordTest</a></td><td rowspan="1">1734421941815</td><td rowspan="1">4901</td></tr><tr class="passedeven"><td rowspan="1">test.TC_009_EndLogout</td><td><a href="#m21">endLogoutTest</a></td><td rowspan="1">1734421962297</td><td rowspan="1">17306</td></tr></tbody>
</table>
<h2>Chrome Test</h2><h3 id="m0">test.TC_001_Register#regTestInvalidTestData</h3><table class="result"><tr><th>Exception</th></tr><tr><td><div class="stacktrace">java.lang.AssertionError: Please enter the valid credentials expected [true] but found [false]
	at pages.RegisterPage.clickRegister(RegisterPage.java:55)
	at test.TC_001_Register.regTestInvalidTestData(TC_001_Register.java:52)
	at java.base/java.util.ArrayList.forEach(ArrayList.java:1511)
... Removed 30 stack frames</div></td></tr></table><p class="totop"><a href="#summary">back to summary</a></p>
<h3 id="m1">test.TC_002_Login#loginTest</h3><table class="result"><tr class="param"><th>Parameter #1</th><th>Parameter #2</th></tr><tr class="param stripe"><td>arunm</td><td>arun12</td></tr><tr><th colspan="2">Exception</th></tr><tr><td colspan="2"><div class="stacktrace">org.openqa.selenium.NoSuchElementException: no such element: Unable to locate element: {&quot;method&quot;:&quot;xpath&quot;,&quot;selector&quot;:&quot;//input[contains(@value,&apos;Hello arunm123!&apos;)]&quot;}
  (Session info: chrome=131.0.6778.140)
For documentation on this error, please visit: https://www.selenium.dev/documentation/webdriver/troubleshooting/errors#no-such-element-exception
Build info: version: &apos;4.27.0&apos;, revision: &apos;d6e718d134&apos;
System info: os.name: &apos;Windows 11&apos;, os.arch: &apos;amd64&apos;, os.version: &apos;10.0&apos;, java.version: &apos;17.0.8&apos;
Driver info: org.openqa.selenium.chrome.ChromeDriver
Command: [90b994919786f6c96ceb79d370cc00c7, findElement {value=//input[contains(@value,&apos;Hello arunm123!&apos;)], using=xpath}]
Capabilities {acceptInsecureCerts: false, browserName: chrome, browserVersion: 131.0.6778.140, chrome: {chromedriverVersion: 131.0.6778.108 (3b014839fbc..., userDataDir: C:\Users\arunp\AppData\Loca...}, fedcm:accounts: true, goog:chromeOptions: {debuggerAddress: localhost:50799}, networkConnectionEnabled: false, pageLoadStrategy: normal, platformName: windows, proxy: Proxy(), se:cdp: ws://localhost:50799/devtoo..., se:cdpVersion: 131.0.6778.140, setWindowRect: true, strictFileInteractability: false, timeouts: {implicit: 0, pageLoad: 300000, script: 30000}, unhandledPromptBehavior: dismiss and notify, webauthn:extension:credBlob: true, webauthn:extension:largeBlob: true, webauthn:extension:minPinLength: true, webauthn:extension:prf: true, webauthn:virtualAuthenticators: true}
Session ID: 90b994919786f6c96ceb79d370cc00c7
	at org.openqa.selenium.remote.ErrorCodec.decode(ErrorCodec.java:167)
	at org.openqa.selenium.remote.codec.w3c.W3CHttpResponseCodec.decode(W3CHttpResponseCodec.java:138)
	at org.openqa.selenium.remote.codec.w3c.W3CHttpResponseCodec.decode(W3CHttpResponseCodec.java:50)
	at org.openqa.selenium.remote.HttpCommandExecutor.execute(HttpCommandExecutor.java:190)
	at org.openqa.selenium.remote.service.DriverCommandExecutor.invokeExecute(DriverCommandExecutor.java:216)
	at org.openqa.selenium.remote.service.DriverCommandExecutor.execute(DriverCommandExecutor.java:174)
	at org.openqa.selenium.remote.RemoteWebDriver.execute(RemoteWebDriver.java:545)
	at org.openqa.selenium.remote.ElementLocation$ElementFinder$2.findElement(ElementLocation.java:165)
	at org.openqa.selenium.remote.ElementLocation.findElement(ElementLocation.java:59)
	at org.openqa.selenium.remote.RemoteWebDriver.findElement(RemoteWebDriver.java:368)
	at org.openqa.selenium.remote.RemoteWebDriver.findElement(RemoteWebDriver.java:362)
	at pages.LoginPage.clickLogin(LoginPage.java:30)
	at test.TC_002_Login.loginTest(TC_002_Login.java:33)
	at java.base/java.util.ArrayList.forEach(ArrayList.java:1511)
... Removed 32 stack frames</div></td></tr></table><p class="totop"><a href="#summary">back to summary</a></p>
<h3 id="m2">test.TC_002_Login#loginTest</h3><table class="result"><tr class="param"><th>Parameter #1</th><th>Parameter #2</th></tr><tr class="param stripe"><td>arunm123</td><td>arun.</td></tr><tr><th colspan="2">Exception</th></tr><tr><td colspan="2"><div class="stacktrace">org.openqa.selenium.NoSuchElementException: no such element: Unable to locate element: {&quot;method&quot;:&quot;xpath&quot;,&quot;selector&quot;:&quot;//input[contains(@value,&apos;Hello arunm123!&apos;)]&quot;}
  (Session info: chrome=131.0.6778.140)
For documentation on this error, please visit: https://www.selenium.dev/documentation/webdriver/troubleshooting/errors#no-such-element-exception
Build info: version: &apos;4.27.0&apos;, revision: &apos;d6e718d134&apos;
System info: os.name: &apos;Windows 11&apos;, os.arch: &apos;amd64&apos;, os.version: &apos;10.0&apos;, java.version: &apos;17.0.8&apos;
Driver info: org.openqa.selenium.chrome.ChromeDriver
Command: [f3cc5d79eb66be47b24c99e6e5452833, findElement {value=//input[contains(@value,&apos;Hello arunm123!&apos;)], using=xpath}]
Capabilities {acceptInsecureCerts: false, browserName: chrome, browserVersion: 131.0.6778.140, chrome: {chromedriverVersion: 131.0.6778.108 (3b014839fbc..., userDataDir: C:\Users\arunp\AppData\Loca...}, fedcm:accounts: true, goog:chromeOptions: {debuggerAddress: localhost:50763}, networkConnectionEnabled: false, pageLoadStrategy: normal, platformName: windows, proxy: Proxy(), se:cdp: ws://localhost:50763/devtoo..., se:cdpVersion: 131.0.6778.140, setWindowRect: true, strictFileInteractability: false, timeouts: {implicit: 0, pageLoad: 300000, script: 30000}, unhandledPromptBehavior: dismiss and notify, webauthn:extension:credBlob: true, webauthn:extension:largeBlob: true, webauthn:extension:minPinLength: true, webauthn:extension:prf: true, webauthn:virtualAuthenticators: true}
Session ID: f3cc5d79eb66be47b24c99e6e5452833
	at org.openqa.selenium.remote.ErrorCodec.decode(ErrorCodec.java:167)
	at org.openqa.selenium.remote.codec.w3c.W3CHttpResponseCodec.decode(W3CHttpResponseCodec.java:138)
	at org.openqa.selenium.remote.codec.w3c.W3CHttpResponseCodec.decode(W3CHttpResponseCodec.java:50)
	at org.openqa.selenium.remote.HttpCommandExecutor.execute(HttpCommandExecutor.java:190)
	at org.openqa.selenium.remote.service.DriverCommandExecutor.invokeExecute(DriverCommandExecutor.java:216)
	at org.openqa.selenium.remote.service.DriverCommandExecutor.execute(DriverCommandExecutor.java:174)
	at org.openqa.selenium.remote.RemoteWebDriver.execute(RemoteWebDriver.java:545)
	at org.openqa.selenium.remote.ElementLocation$ElementFinder$2.findElement(ElementLocation.java:165)
	at org.openqa.selenium.remote.ElementLocation.findElement(ElementLocation.java:59)
	at org.openqa.selenium.remote.RemoteWebDriver.findElement(RemoteWebDriver.java:368)
	at org.openqa.selenium.remote.RemoteWebDriver.findElement(RemoteWebDriver.java:362)
	at pages.LoginPage.clickLogin(LoginPage.java:30)
	at test.TC_002_Login.loginTest(TC_002_Login.java:33)
	at java.base/java.util.ArrayList.forEach(ArrayList.java:1511)
... Removed 32 stack frames</div></td></tr></table><p class="totop"><a href="#summary">back to summary</a></p>
<h3 id="m3">test.TC_002_Login#loginTest</h3><table class="result"><tr class="param"><th>Parameter #1</th><th>Parameter #2</th></tr><tr class="param stripe"><td>arun</td><td>arun.123</td></tr><tr><th colspan="2">Exception</th></tr><tr><td colspan="2"><div class="stacktrace">org.openqa.selenium.NoSuchElementException: no such element: Unable to locate element: {&quot;method&quot;:&quot;xpath&quot;,&quot;selector&quot;:&quot;//input[contains(@value,&apos;Hello arunm123!&apos;)]&quot;}
  (Session info: chrome=131.0.6778.140)
For documentation on this error, please visit: https://www.selenium.dev/documentation/webdriver/troubleshooting/errors#no-such-element-exception
Build info: version: &apos;4.27.0&apos;, revision: &apos;d6e718d134&apos;
System info: os.name: &apos;Windows 11&apos;, os.arch: &apos;amd64&apos;, os.version: &apos;10.0&apos;, java.version: &apos;17.0.8&apos;
Driver info: org.openqa.selenium.chrome.ChromeDriver
Command: [d06e40ef0ea24a3c49984f0688e1e556, findElement {value=//input[contains(@value,&apos;Hello arunm123!&apos;)], using=xpath}]
Capabilities {acceptInsecureCerts: false, browserName: chrome, browserVersion: 131.0.6778.140, chrome: {chromedriverVersion: 131.0.6778.108 (3b014839fbc..., userDataDir: C:\Users\arunp\AppData\Loca...}, fedcm:accounts: true, goog:chromeOptions: {debuggerAddress: localhost:50726}, networkConnectionEnabled: false, pageLoadStrategy: normal, platformName: windows, proxy: Proxy(), se:cdp: ws://localhost:50726/devtoo..., se:cdpVersion: 131.0.6778.140, setWindowRect: true, strictFileInteractability: false, timeouts: {implicit: 0, pageLoad: 300000, script: 30000}, unhandledPromptBehavior: dismiss and notify, webauthn:extension:credBlob: true, webauthn:extension:largeBlob: true, webauthn:extension:minPinLength: true, webauthn:extension:prf: true, webauthn:virtualAuthenticators: true}
Session ID: d06e40ef0ea24a3c49984f0688e1e556
	at org.openqa.selenium.remote.ErrorCodec.decode(ErrorCodec.java:167)
	at org.openqa.selenium.remote.codec.w3c.W3CHttpResponseCodec.decode(W3CHttpResponseCodec.java:138)
	at org.openqa.selenium.remote.codec.w3c.W3CHttpResponseCodec.decode(W3CHttpResponseCodec.java:50)
	at org.openqa.selenium.remote.HttpCommandExecutor.execute(HttpCommandExecutor.java:190)
	at org.openqa.selenium.remote.service.DriverCommandExecutor.invokeExecute(DriverCommandExecutor.java:216)
	at org.openqa.selenium.remote.service.DriverCommandExecutor.execute(DriverCommandExecutor.java:174)
	at org.openqa.selenium.remote.RemoteWebDriver.execute(RemoteWebDriver.java:545)
	at org.openqa.selenium.remote.ElementLocation$ElementFinder$2.findElement(ElementLocation.java:165)
	at org.openqa.selenium.remote.ElementLocation.findElement(ElementLocation.java:59)
	at org.openqa.selenium.remote.RemoteWebDriver.findElement(RemoteWebDriver.java:368)
	at org.openqa.selenium.remote.RemoteWebDriver.findElement(RemoteWebDriver.java:362)
	at pages.LoginPage.clickLogin(LoginPage.java:30)
	at test.TC_002_Login.loginTest(TC_002_Login.java:33)
	at java.base/java.util.ArrayList.forEach(ArrayList.java:1511)
... Removed 32 stack frames</div></td></tr></table><p class="totop"><a href="#summary">back to summary</a></p>
<h3 id="m4">test.TC_005_BookAHotel#bookAHotelTest</h3><table class="result"><tr class="param"><th>Parameter #1</th><th>Parameter #2</th><th>Parameter #3</th><th>Parameter #4</th><th>Parameter #5</th><th>Parameter #6</th><th>Parameter #7</th><th>Parameter #8</th><th>Parameter #9</th><th>Parameter #10</th><th>Parameter #11</th><th>Parameter #12</th><th>Parameter #13</th><th>Parameter #14</th><th>Parameter #15</th><th>Parameter #16</th><th>Parameter #17</th><th>Parameter #18</th></tr><tr class="param stripe"><td>arunm123</td><td>arun.123</td><td>Paris</td><td>Hotel Hervey</td><td>Deluxe</td><td>4 - Four</td><td>09/12/2024</td><td>10/12/2024</td><td>2 - Two</td><td>1</td><td>Diva</td><td>K</td><td>No 7, 10th street,xyz</td><td>42424242</td><td>AMEX</td><td>September</td><td>2030</td><td>777</td></tr><tr><th colspan="18">Exception</th></tr><tr><td colspan="18"><div class="stacktrace">org.openqa.selenium.NoSuchElementException: no such element: Unable to locate element: {&quot;method&quot;:&quot;xpath&quot;,&quot;selector&quot;:&quot;//td[contains(text(),&apos;Booking Confirmation &apos;)]&quot;}
  (Session info: chrome=131.0.6778.140)
For documentation on this error, please visit: https://www.selenium.dev/documentation/webdriver/troubleshooting/errors#no-such-element-exception
Build info: version: &apos;4.27.0&apos;, revision: &apos;d6e718d134&apos;
System info: os.name: &apos;Windows 11&apos;, os.arch: &apos;amd64&apos;, os.version: &apos;10.0&apos;, java.version: &apos;17.0.8&apos;
Driver info: org.openqa.selenium.chrome.ChromeDriver
Command: [6e2869ebf5dc5e65336aecfa5521b7a5, findElement {value=//td[contains(text(),&apos;Booking Confirmation &apos;)], using=xpath}]
Capabilities {acceptInsecureCerts: false, browserName: chrome, browserVersion: 131.0.6778.140, chrome: {chromedriverVersion: 131.0.6778.108 (3b014839fbc..., userDataDir: C:\Users\arunp\AppData\Loca...}, fedcm:accounts: true, goog:chromeOptions: {debuggerAddress: localhost:51202}, networkConnectionEnabled: false, pageLoadStrategy: normal, platformName: windows, proxy: Proxy(), se:cdp: ws://localhost:51202/devtoo..., se:cdpVersion: 131.0.6778.140, setWindowRect: true, strictFileInteractability: false, timeouts: {implicit: 0, pageLoad: 300000, script: 30000}, unhandledPromptBehavior: dismiss and notify, webauthn:extension:credBlob: true, webauthn:extension:largeBlob: true, webauthn:extension:minPinLength: true, webauthn:extension:prf: true, webauthn:virtualAuthenticators: true}
Session ID: 6e2869ebf5dc5e65336aecfa5521b7a5
	at org.openqa.selenium.remote.ErrorCodec.decode(ErrorCodec.java:167)
	at org.openqa.selenium.remote.codec.w3c.W3CHttpResponseCodec.decode(W3CHttpResponseCodec.java:138)
	at org.openqa.selenium.remote.codec.w3c.W3CHttpResponseCodec.decode(W3CHttpResponseCodec.java:50)
	at org.openqa.selenium.remote.HttpCommandExecutor.execute(HttpCommandExecutor.java:190)
	at org.openqa.selenium.remote.service.DriverCommandExecutor.invokeExecute(DriverCommandExecutor.java:216)
	at org.openqa.selenium.remote.service.DriverCommandExecutor.execute(DriverCommandExecutor.java:174)
	at org.openqa.selenium.remote.RemoteWebDriver.execute(RemoteWebDriver.java:545)
	at org.openqa.selenium.remote.ElementLocation$ElementFinder$2.findElement(ElementLocation.java:165)
	at org.openqa.selenium.remote.ElementLocation.findElement(ElementLocation.java:59)
	at org.openqa.selenium.remote.RemoteWebDriver.findElement(RemoteWebDriver.java:368)
	at org.openqa.selenium.remote.RemoteWebDriver.findElement(RemoteWebDriver.java:362)
	at pages.BookAHotelPage.clickBookNow(BookAHotelPage.java:75)
	at test.TC_005_BookAHotel.bookAHotelTest(TC_005_BookAHotel.java:55)
	at java.base/java.util.ArrayList.forEach(ArrayList.java:1511)
... Removed 32 stack frames</div></td></tr></table><p class="totop"><a href="#summary">back to summary</a></p>
<h3 id="m5">test.TC_008_ChangePassword#changePasswordTest</h3><table class="result"><tr class="param"><th>Parameter #1</th><th>Parameter #2</th><th>Parameter #3</th><th>Parameter #4</th><th>Parameter #5</th></tr><tr class="param stripe"><td>arunm123</td><td>arun.123</td><td></td><td></td><td></td></tr><tr><th colspan="5">Exception</th></tr><tr><td colspan="5"><div class="stacktrace">java.lang.AssertionError: please enter the correct current password expected [false] but found [true]
	at pages.ChangePasswordPage.changePasswordSubmit(ChangePasswordPage.java:38)
	at test.TC_008_ChangePassword.changePasswordTest(TC_008_ChangePassword.java:37)
	at java.base/java.util.ArrayList.forEach(ArrayList.java:1511)
... Removed 30 stack frames</div></td></tr></table><p class="totop"><a href="#summary">back to summary</a></p>
<h3 id="m6">test.TC_001_Register#regTestValidTestData</h3><table class="result"><tr><th class="invisible"/></tr></table><p class="totop"><a href="#summary">back to summary</a></p>
<h3 id="m7">test.TC_002_Login#loginTest</h3><table class="result"><tr class="param"><th>Parameter #1</th><th>Parameter #2</th></tr><tr class="param stripe"><td>arunm123</td><td>arun.123</td></tr></table><p class="totop"><a href="#summary">back to summary</a></p>
<h3 id="m8">test.TC_003_SearchHotel#searchHotelTest</h3><table class="result"><tr class="param"><th>Parameter #1</th><th>Parameter #2</th><th>Parameter #3</th><th>Parameter #4</th><th>Parameter #5</th><th>Parameter #6</th><th>Parameter #7</th><th>Parameter #8</th><th>Parameter #9</th><th>Parameter #10</th></tr><tr class="param stripe"><td>arunm123</td><td>arun.123</td><td>Los Angeles</td><td>Hotel Sunshine</td><td>Standard</td><td>3 - Three</td><td>10/12/2024</td><td>10/12/2024</td><td>2 - Two</td><td>2</td></tr></table><p class="totop"><a href="#summary">back to summary</a></p>
<h3 id="m9">test.TC_003_SearchHotel#searchHotelTest</h3><table class="result"><tr class="param"><th>Parameter #1</th><th>Parameter #2</th><th>Parameter #3</th><th>Parameter #4</th><th>Parameter #5</th><th>Parameter #6</th><th>Parameter #7</th><th>Parameter #8</th><th>Parameter #9</th><th>Parameter #10</th></tr><tr class="param stripe"><td>arunm123</td><td>arun.123</td><td>London</td><td>Hotel Sunshine</td><td>Double</td><td>6 - Six</td><td>12/12/2024</td><td>14/12/2024</td><td>3 - Three</td><td>3</td></tr></table><p class="totop"><a href="#summary">back to summary</a></p>
<h3 id="m10">test.TC_003_SearchHotel#searchHotelTest</h3><table class="result"><tr class="param"><th>Parameter #1</th><th>Parameter #2</th><th>Parameter #3</th><th>Parameter #4</th><th>Parameter #5</th><th>Parameter #6</th><th>Parameter #7</th><th>Parameter #8</th><th>Parameter #9</th><th>Parameter #10</th></tr><tr class="param stripe"><td>arunm123</td><td>arun.123</td><td>New York</td><td>Hotel Hervey</td><td>Deluxe</td><td>3 - Three</td><td>09/12/2024</td><td>10/12/2024</td><td>2 - Two</td><td>2</td></tr></table><p class="totop"><a href="#summary">back to summary</a></p>
<h3 id="m11">test.TC_003_SearchHotel#searchHotelTest</h3><table class="result"><tr class="param"><th>Parameter #1</th><th>Parameter #2</th><th>Parameter #3</th><th>Parameter #4</th><th>Parameter #5</th><th>Parameter #6</th><th>Parameter #7</th><th>Parameter #8</th><th>Parameter #9</th><th>Parameter #10</th></tr><tr class="param stripe"><td>arunm123</td><td>arun.123</td><td>Paris</td><td>Hotel Hervey</td><td>Deluxe</td><td>4 - Four</td><td>09/12/2024</td><td>10/12/2024</td><td>2 - Two</td><td>1</td></tr></table><p class="totop"><a href="#summary">back to summary</a></p>
<h3 id="m12">test.TC_003_SearchHotel#searchHotelTest</h3><table class="result"><tr class="param"><th>Parameter #1</th><th>Parameter #2</th><th>Parameter #3</th><th>Parameter #4</th><th>Parameter #5</th><th>Parameter #6</th><th>Parameter #7</th><th>Parameter #8</th><th>Parameter #9</th><th>Parameter #10</th></tr><tr class="param stripe"><td>arunm123</td><td>arun.123</td><td>Adelaide</td><td>Hotel Cornice</td><td>Super Deluxe</td><td>2 - Two</td><td>15/12/2024</td><td>16/12/2024</td><td>4 - Four</td><td>4</td></tr></table><p class="totop"><a href="#summary">back to summary</a></p>
<h3 id="m13">test.TC_004_SelectHotel#selectHotelTest</h3><table class="result"><tr class="param"><th>Parameter #1</th><th>Parameter #2</th><th>Parameter #3</th><th>Parameter #4</th><th>Parameter #5</th><th>Parameter #6</th><th>Parameter #7</th><th>Parameter #8</th><th>Parameter #9</th><th>Parameter #10</th></tr><tr class="param stripe"><td>arunm123</td><td>arun.123</td><td>New York</td><td>Hotel Hervey</td><td>Deluxe</td><td>3 - Three</td><td>5/12/2024</td><td>6/12/2024</td><td>2 - Two</td><td>2</td></tr></table><p class="totop"><a href="#summary">back to summary</a></p>
<h3 id="m14">test.TC_005_BookAHotel#bookAHotelTest</h3><table class="result"><tr class="param"><th>Parameter #1</th><th>Parameter #2</th><th>Parameter #3</th><th>Parameter #4</th><th>Parameter #5</th><th>Parameter #6</th><th>Parameter #7</th><th>Parameter #8</th><th>Parameter #9</th><th>Parameter #10</th><th>Parameter #11</th><th>Parameter #12</th><th>Parameter #13</th><th>Parameter #14</th><th>Parameter #15</th><th>Parameter #16</th><th>Parameter #17</th><th>Parameter #18</th></tr><tr class="param stripe"><td>arunm123</td><td>arun.123</td><td>Los Angeles</td><td>Hotel Sunshine</td><td>Standard</td><td>3 - Three</td><td>10/12/2024</td><td>10/12/2024</td><td>2 - Two</td><td>2</td><td>Chandhru</td><td>S</td><td>No 1, 3rd street,xyz</td><td>4242424242424240</td><td>MAST</td><td>March</td><td>2027</td><td>001</td></tr></table><p class="totop"><a href="#summary">back to summary</a></p>
<h3 id="m15">test.TC_005_BookAHotel#bookAHotelTest</h3><table class="result"><tr class="param"><th>Parameter #1</th><th>Parameter #2</th><th>Parameter #3</th><th>Parameter #4</th><th>Parameter #5</th><th>Parameter #6</th><th>Parameter #7</th><th>Parameter #8</th><th>Parameter #9</th><th>Parameter #10</th><th>Parameter #11</th><th>Parameter #12</th><th>Parameter #13</th><th>Parameter #14</th><th>Parameter #15</th><th>Parameter #16</th><th>Parameter #17</th><th>Parameter #18</th></tr><tr class="param stripe"><td>arunm123</td><td>arun.123</td><td>Adelaide</td><td>Hotel Cornice</td><td>Super Deluxe</td><td>2 - Two</td><td>15/12/2024</td><td>16/12/2024</td><td>4 - Four</td><td>4</td><td>Bharath</td><td>R</td><td>No 6, 9th street,xyz</td><td>4242424242424240</td><td>OTHR</td><td>August</td><td>2026</td><td>666</td></tr></table><p class="totop"><a href="#summary">back to summary</a></p>
<h3 id="m16">test.TC_005_BookAHotel#bookAHotelTest</h3><table class="result"><tr class="param"><th>Parameter #1</th><th>Parameter #2</th><th>Parameter #3</th><th>Parameter #4</th><th>Parameter #5</th><th>Parameter #6</th><th>Parameter #7</th><th>Parameter #8</th><th>Parameter #9</th><th>Parameter #10</th><th>Parameter #11</th><th>Parameter #12</th><th>Parameter #13</th><th>Parameter #14</th><th>Parameter #15</th><th>Parameter #16</th><th>Parameter #17</th><th>Parameter #18</th></tr><tr class="param stripe"><td>arunm123</td><td>arun.123</td><td>London</td><td>Hotel Sunshine</td><td>Double</td><td>6 - Six</td><td>12/12/2024</td><td>14/12/2024</td><td>3 - Three</td><td>3</td><td>Bala</td><td>D</td><td>No 9, 2nd street,xyz</td><td>4242424242424240</td><td>VISA</td><td>May</td><td>2030</td><td>111</td></tr></table><p class="totop"><a href="#summary">back to summary</a></p>
<h3 id="m17">test.TC_005_BookAHotel#bookAHotelTest</h3><table class="result"><tr class="param"><th>Parameter #1</th><th>Parameter #2</th><th>Parameter #3</th><th>Parameter #4</th><th>Parameter #5</th><th>Parameter #6</th><th>Parameter #7</th><th>Parameter #8</th><th>Parameter #9</th><th>Parameter #10</th><th>Parameter #11</th><th>Parameter #12</th><th>Parameter #13</th><th>Parameter #14</th><th>Parameter #15</th><th>Parameter #16</th><th>Parameter #17</th><th>Parameter #18</th></tr><tr class="param stripe"><td>arunm123</td><td>arun.123</td><td>New York</td><td>Hotel Hervey</td><td>Deluxe</td><td>3 - Three</td><td>09/12/2024</td><td>10/12/2024</td><td>2 - Two</td><td>2</td><td>Arun</td><td>M</td><td>No 2, 5th street,xyz</td><td>4242424242424240</td><td>AMEX</td><td>July</td><td>2028</td><td>000</td></tr></table><p class="totop"><a href="#summary">back to summary</a></p>
<h3 id="m18">test.TC_006_BookingConfirmation#bookingConfirmationTest</h3><table class="result"><tr class="param"><th>Parameter #1</th><th>Parameter #2</th><th>Parameter #3</th><th>Parameter #4</th><th>Parameter #5</th><th>Parameter #6</th><th>Parameter #7</th><th>Parameter #8</th><th>Parameter #9</th><th>Parameter #10</th><th>Parameter #11</th><th>Parameter #12</th><th>Parameter #13</th><th>Parameter #14</th><th>Parameter #15</th><th>Parameter #16</th><th>Parameter #17</th><th>Parameter #18</th></tr><tr class="param stripe"><td>arunm123</td><td>arun.123</td><td>New York</td><td>Hotel Hervey</td><td>Deluxe</td><td>3 - Three</td><td>5/12/2024</td><td>6/12/2024</td><td>2 - Two</td><td>2</td><td>Arun</td><td>M</td><td>No 2, 5th street,xyz</td><td>4242424242424240</td><td>AMEX</td><td>July</td><td>2030</td><td>000</td></tr></table><p class="totop"><a href="#summary">back to summary</a></p>
<h3 id="m19">test.TC_007_BookedItinerary#bookedItineraryTest</h3><table class="result"><tr class="param"><th>Parameter #1</th><th>Parameter #2</th><th>Parameter #3</th><th>Parameter #4</th><th>Parameter #5</th><th>Parameter #6</th><th>Parameter #7</th><th>Parameter #8</th><th>Parameter #9</th><th>Parameter #10</th><th>Parameter #11</th><th>Parameter #12</th><th>Parameter #13</th><th>Parameter #14</th><th>Parameter #15</th><th>Parameter #16</th><th>Parameter #17</th><th>Parameter #18</th></tr><tr class="param stripe"><td>arunm123</td><td>arun.123</td><td>New York</td><td>Hotel Hervey</td><td>Deluxe</td><td>3 - Three</td><td>5/12/2024</td><td>6/12/2024</td><td>2 - Two</td><td>2</td><td>Arun</td><td>M</td><td>No 2, 5th street,xyz</td><td>4242424242424240</td><td>AMEX</td><td>July</td><td>2030</td><td>0</td></tr></table><p class="totop"><a href="#summary">back to summary</a></p>
<h3 id="m20">test.TC_008_ChangePassword#changePasswordTest</h3><table class="result"><tr class="param"><th>Parameter #1</th><th>Parameter #2</th><th>Parameter #3</th><th>Parameter #4</th><th>Parameter #5</th></tr><tr class="param stripe"><td>arunm123</td><td>arun.123</td><td>arun.123</td><td>arun.123</td><td>arun.123</td></tr></table><p class="totop"><a href="#summary">back to summary</a></p>
<h3 id="m21">test.TC_009_EndLogout#endLogoutTest</h3><table class="result"><tr class="param"><th>Parameter #1</th><th>Parameter #2</th></tr><tr class="param stripe"><td>arunm123</td><td>arun.123</td></tr></table><p class="totop"><a href="#summary">back to summary</a></p>
</body>
</html>
